c:\users\fabia\desktop\riptide remastered\riptide-remastered\release\vc141.pdb
c:\users\fabia\desktop\riptide remastered\riptide-remastered\release\csx_utils.obj
c:\users\fabia\desktop\riptide remastered\riptide-remastered\release\csx_memory.obj
c:\users\fabia\desktop\riptide remastered\riptide-remastered\release\csx_log.obj
c:\users\fabia\desktop\riptide remastered\riptide-remastered\release\csx_hook.obj
c:\users\fabia\desktop\riptide remastered\riptide-remastered\release\csx_cvar.obj
c:\users\fabia\desktop\riptide remastered\riptide-remastered\release\cfgmsgpop.obj
c:\users\fabia\desktop\riptide remastered\riptide-remastered\release\skin.obj
c:\users\fabia\desktop\riptide remastered\riptide-remastered\release\dynskin.obj
c:\users\fabia\desktop\riptide remastered\riptide-remastered\release\resolver.obj
c:\users\fabia\desktop\riptide remastered\riptide-remastered\release\radar.obj
c:\users\fabia\desktop\riptide remastered\riptide-remastered\release\misc.obj
c:\users\fabia\desktop\riptide remastered\riptide-remastered\release\knifebot.obj
c:\users\fabia\desktop\riptide remastered\riptide-remastered\release\inventorychanger.obj
c:\users\fabia\desktop\riptide remastered\riptide-remastered\release\cgrenadeapi.obj
c:\users\fabia\desktop\riptide remastered\riptide-remastered\release\fakelag.obj
c:\users\fabia\desktop\riptide remastered\riptide-remastered\release\esp.obj
c:\users\fabia\desktop\riptide remastered\riptide-remastered\release\client.obj
c:\users\fabia\desktop\riptide remastered\riptide-remastered\release\lagcomp.obj
c:\users\fabia\desktop\riptide remastered\riptide-remastered\release\antiaim.obj
c:\users\fabia\desktop\riptide remastered\riptide-remastered\release\aimbot.obj
c:\users\fabia\desktop\riptide remastered\riptide-remastered\release\fatdemo.pb.obj
c:\users\fabia\desktop\riptide remastered\riptide-remastered\release\engine_gcmessages.pb.obj
c:\users\fabia\desktop\riptide remastered\riptide-remastered\release\econ_gcmessages.pb.obj
c:\users\fabia\desktop\riptide remastered\riptide-remastered\release\cstrike15_gcmessages.pb.obj
c:\users\fabia\desktop\riptide remastered\riptide-remastered\release\base_gcmessages.pb.obj
c:\users\fabia\desktop\riptide remastered\riptide-remastered\release\main.obj
c:\users\fabia\desktop\riptide remastered\riptide-remastered\release\imgui_impl_dx9.obj
c:\users\fabia\desktop\riptide remastered\riptide-remastered\release\imgui_draw.obj
c:\users\fabia\desktop\riptide remastered\riptide-remastered\release\imgui_demo.obj
c:\users\fabia\desktop\riptide remastered\riptide-remastered\release\imgui.obj
c:\users\fabia\desktop\riptide remastered\riptide-remastered\release\gui.obj
c:\users\fabia\desktop\riptide remastered\riptide-remastered\release\weapon.obj
c:\users\fabia\desktop\riptide remastered\riptide-remastered\release\render2.obj
c:\users\fabia\desktop\riptide remastered\riptide-remastered\release\render.obj
c:\users\fabia\desktop\riptide remastered\riptide-remastered\release\players.obj
c:\users\fabia\desktop\riptide remastered\riptide-remastered\release\offset.obj
c:\users\fabia\desktop\riptide remastered\riptide-remastered\release\netvar.obj
c:\users\fabia\desktop\riptide remastered\riptide-remastered\release\hook.obj
c:\users\fabia\desktop\riptide remastered\riptide-remastered\release\entity.obj
c:\users\fabia\desktop\riptide remastered\riptide-remastered\release\engine.obj
c:\users\fabia\desktop\riptide remastered\riptide-remastered\release\vmthook.obj
c:\users\fabia\desktop\riptide remastered\riptide-remastered\release\settings.obj
c:\users\fabia\desktop\riptide remastered\riptide-remastered\release\vmatrix.obj
c:\users\fabia\desktop\riptide remastered\riptide-remastered\release\vector4d.obj
c:\users\fabia\desktop\riptide remastered\riptide-remastered\release\vector2d.obj
c:\users\fabia\desktop\riptide remastered\riptide-remastered\release\vector.obj
c:\users\fabia\desktop\riptide remastered\riptide-remastered\release\spoofed.obj
c:\users\fabia\desktop\riptide remastered\riptide-remastered\release\sounds.obj
c:\users\fabia\desktop\riptide remastered\riptide-remastered\release\sdk.obj
c:\users\fabia\desktop\riptide remastered\riptide-remastered\release\keyvalues.obj
c:\users\fabia\desktop\riptide remastered\riptide-remastered\release\ivpanel.obj
c:\users\fabia\desktop\riptide remastered\riptide-remastered\release\crc.obj
c:\users\fabia\desktop\riptide remastered\riptide-remastered\release\reflectiveloader.obj
c:\users\fabia\desktop\riptide remastered\riptide-remastered\release\steammessages.pb.obj
c:\users\fabia\desktop\riptide remastered\riptide-remastered\release\steamdatagram_messages.pb.obj
c:\users\fabia\desktop\riptide remastered\riptide-remastered\release\network_connection.pb.obj
c:\users\fabia\desktop\riptide remastered\riptide-remastered\release\netmessages.pb.obj
c:\users\fabia\desktop\riptide remastered\riptide-remastered\release\gcsystemmsgs.pb.obj
c:\users\fabia\desktop\riptide remastered\riptide-remastered\release\gcsdk_gcmessages.pb.obj
c:\users\fabia\desktop\riptide remastered\riptide-remastered\release\riptide.dll
c:\users\fabia\desktop\riptide remastered\riptide-remastered\release\riptide.lib
c:\users\fabia\desktop\riptide remastered\riptide-remastered\release\riptide.exp
c:\users\fabia\desktop\riptide remastered\riptide-remastered\release\riptide .45a301e6.tlog\cl.command.1.tlog
c:\users\fabia\desktop\riptide remastered\riptide-remastered\release\riptide .45a301e6.tlog\cl.read.1.tlog
c:\users\fabia\desktop\riptide remastered\riptide-remastered\release\riptide .45a301e6.tlog\cl.write.1.tlog
c:\users\fabia\desktop\riptide remastered\riptide-remastered\release\riptide .45a301e6.tlog\link.command.1.tlog
c:\users\fabia\desktop\riptide remastered\riptide-remastered\release\riptide .45a301e6.tlog\link.read.1.tlog
c:\users\fabia\desktop\riptide remastered\riptide-remastered\release\riptide .45a301e6.tlog\link.write.1.tlog
c:\users\fabia\desktop\riptide remastered\riptide-remastered\release\riptide .45a301e6.tlog\riptide remastered.write.1u.tlog
